2024-12-08 17:16:44,677 - analyzed_logger - INFO - Analysis Results
2024-12-08 17:16:44,677 - analyzed_logger - INFO - [
  {
    "address": "7cVfgArCheMR6Cs4t6vz5rfnqd56vZq4ndaBrY5xkxXy",
    "transaction_count": 1000,
    "last_activity": "2024-12-08 17:15:05",
    "profit": 0.0,
    "current_balance": 1172522003915,
    "balance_change_30d": 0
  },
  {
    "address": "FQwewNXahV7MiZcLpY6p1xhUs2acVGQ3U5Xxc7FzV571",
    "transaction_count": 1000,
    "last_activity": "2024-12-08 17:15:05",
    "profit": 0.0,
    "current_balance": 609101389047,
    "balance_change_30d": 0
  },
  {
    "address": "AaapDdocMdZQaMAF1gXqKX2ixd7YYSxTpKHMcsbcF318",
    "transaction_count": 1000,
    "last_activity": "2024-12-08 17:15:29",
    "profit": 0.0,
    "current_balance": 90095593137,
    "balance_change_30d": 0
  },
  {
    "address": "ALiQdX94fYbGUt8ar6chuAN1nj8g8bKSgJ7qV3W7bPsS",
    "transaction_count": 1000,
    "last_activity": "2024-12-08 17:15:30",
    "profit": 0.0,
    "current_balance": 793613351961,
    "balance_change_30d": 0
  },
  {
    "address": "3xjfK9C9YNcta8MvK1US4sQ3bc6DEjoJoR3qLExGf9xE",
    "transaction_count": 1000,
    "last_activity": "2024-12-08 17:15:54",
    "profit": 0.0,
    "current_balance": 10258175627,
    "balance_change_30d": 0
  },
  {
    "address": "44ZDKo96gQR1h2afAA3oXgutUzHcRXH72RYxhtGxzWYk",
    "transaction_count": 1000,
    "last_activity": "2024-12-08 17:15:55",
    "profit": 0.0,
    "current_balance": 5904180042,
    "balance_change_30d": 0
  },
  {
    "address": "HFTcVVrX93SJwYHAiiHAssb3c4zXqSsF4mNjg5arGPEj",
    "transaction_count": 1000,
    "last_activity": "2024-12-08 17:16:16",
    "profit": 0.0,
    "current_balance": 220016638211,
    "balance_change_30d": 0
  }
]
